# JRE version: OpenJDK Runtime Environment (8.0_242-b08) (build 1.8.0_242-8u242-b08-0ubuntu3~18.04-b08)
# Java VM: OpenJDK 64-Bit Server VM (25.242-b08 mixed mode linux-amd64 compressed oops)
Heap:
 PSYoungGen      total 63488K, used 0K [0x00000000fab00000, 0x0000000100000000, 0x0000000100000000)
  eden space 44032K, 0% used [0x00000000fab00000,0x00000000fab00000,0x00000000fd600000)
  from space 19456K, 0% used [0x00000000fe900000,0x00000000fe900000,0x00000000ffc00000)
  to   space 19456K, 0% used [0x00000000fd600000,0x00000000fd600000,0x00000000fe900000)
 ParOldGen       total 71680K, used 64860K [0x00000000f0000000, 0x00000000f4600000, 0x00000000fab00000)
  object space 71680K, 90% used [0x00000000f0000000,0x00000000f3f57008,0x00000000f4600000)
 Metaspace       used 11904K, capacity 12024K, committed 12160K, reserved 1060864K
  class space    used 1308K, capacity 1334K, committed 1408K, reserved 1048576K
GC Heap History (10 events):
Event: 132,715 GC heap after
Heap after GC invocations=19 (full 0):
 PSYoungGen      total 39424K, used 10133K [0x00000000fab00000, 0x00000000fea00000, 0x0000000100000000)
  eden space 29184K, 0% used [0x00000000fab00000,0x00000000fab00000,0x00000000fc780000)
  from space 10240K, 98% used [0x00000000fc780000,0x00000000fd165708,0x00000000fd180000)
  to   space 11776K, 0% used [0x00000000fde80000,0x00000000fde80000,0x00000000fea00000)
 ParOldGen       total 39936K, used 36764K [0x00000000f0000000, 0x00000000f2700000, 0x00000000fab00000)
  object space 39936K, 92% used [0x00000000f0000000,0x00000000f23e73f0,0x00000000f2700000)
 Metaspace       used 11901K, capacity 12036K, committed 12160K, reserved 1060864K
  class space    used 1310K, capacity 1336K, committed 1408K, reserved 1048576K
}
Event: 132,861 GC heap before
{Heap before GC invocations=20 (full 1):
 PSYoungGen      total 39424K, used 10133K [0x00000000fab00000, 0x00000000fea00000, 0x0000000100000000)
  eden space 29184K, 0% used [0x00000000fab00000,0x00000000fab00000,0x00000000fc780000)
  from space 10240K, 98% used [0x00000000fc780000,0x00000000fd165708,0x00000000fd180000)
  to   space 11776K, 0% used [0x00000000fde80000,0x00000000fde80000,0x00000000fea00000)
 ParOldGen       total 39936K, used 36764K [0x00000000f0000000, 0x00000000f2700000, 0x00000000fab00000)
  object space 39936K, 92% used [0x00000000f0000000,0x00000000f23e73f0,0x00000000f2700000)
 Metaspace       used 11901K, capacity 12036K, committed 12160K, reserved 1060864K
  class space    used 1310K, capacity 1336K, committed 1408K, reserved 1048576K
Event: 135,227 GC heap after
Heap after GC invocations=20 (full 1):
 PSYoungGen      total 39424K, used 2376K [0x00000000fab00000, 0x00000000fea00000, 0x0000000100000000)
  eden space 29184K, 0% used [0x00000000fab00000,0x00000000fab00000,0x00000000fc780000)
  from space 10240K, 23% used [0x00000000fc780000,0x00000000fc9d2228,0x00000000fd180000)
  to   space 11776K, 0% used [0x00000000fde80000,0x00000000fde80000,0x00000000fea00000)
 ParOldGen       total 71680K, used 39861K [0x00000000f0000000, 0x00000000f4600000, 0x00000000fab00000)
  object space 71680K, 55% used [0x00000000f0000000,0x00000000f26ed4e0,0x00000000f4600000)
 Metaspace       used 11901K, capacity 12036K, committed 12160K, reserved 1060864K
  class space    used 1310K, capacity 1336K, committed 1408K, reserved 1048576K
}
Event: 327,205 GC heap before
{Heap before GC invocations=21 (full 1):
 PSYoungGen      total 39424K, used 31560K [0x00000000fab00000, 0x00000000fea00000, 0x0000000100000000)
  eden space 29184K, 100% used [0x00000000fab00000,0x00000000fc780000,0x00000000fc780000)
  from space 10240K, 23% used [0x00000000fc780000,0x00000000fc9d2228,0x00000000fd180000)
  to   space 11776K, 0% used [0x00000000fde80000,0x00000000fde80000,0x00000000fea00000)
 ParOldGen       total 71680K, used 39861K [0x00000000f0000000, 0x00000000f4600000, 0x00000000fab00000)
  object space 71680K, 55% used [0x00000000f0000000,0x00000000f26ed4e0,0x00000000f4600000)
 Metaspace       used 11911K, capacity 12036K, committed 12160K, reserved 1060864K
  class space    used 1310K, capacity 1336K, committed 1408K, reserved 1048576K
Event: 327,472 GC heap after
Heap after GC invocations=21 (full 1):
 PSYoungGen      total 45056K, used 10374K [0x00000000fab00000, 0x00000000fe900000, 0x0000000100000000)
  eden space 34304K, 0% used [0x00000000fab00000,0x00000000fab00000,0x00000000fcc80000)
  from space 10752K, 96% used [0x00000000fde80000,0x00000000fe8a1888,0x00000000fe900000)
  to   space 13312K, 0% used [0x00000000fcf00000,0x00000000fcf00000,0x00000000fdc00000)
 ParOldGen       total 71680K, used 42250K [0x00000000f0000000, 0x00000000f4600000, 0x00000000fab00000)
  object space 71680K, 58% used [0x00000000f0000000,0x00000000f2942bc0,0x00000000f4600000)
 Metaspace       used 11911K, capacity 12036K, committed 12160K, reserved 1060864K
  class space    used 1310K, capacity 1336K, committed 1408K, reserved 1048576K
}
Event: 328,920 GC heap before
{Heap before GC invocations=22 (full 1):
 PSYoungGen      total 45056K, used 44678K [0x00000000fab00000, 0x00000000fe900000, 0x0000000100000000)
  eden space 34304K, 100% used [0x00000000fab00000,0x00000000fcc80000,0x00000000fcc80000)
  from space 10752K, 96% used [0x00000000fde80000,0x00000000fe8a1888,0x00000000fe900000)
  to   space 13312K, 0% used [0x00000000fcf00000,0x00000000fcf00000,0x00000000fdc00000)
 ParOldGen       total 71680K, used 42250K [0x00000000f0000000, 0x00000000f4600000, 0x00000000fab00000)
  object space 71680K, 58% used [0x00000000f0000000,0x00000000f2942bc0,0x00000000f4600000)
 Metaspace       used 11911K, capacity 12036K, committed 12160K, reserved 1060864K
  class space    used 1310K, capacity 1336K, committed 1408K, reserved 1048576K
Event: 329,141 GC heap after
Heap after GC invocations=22 (full 1):
 PSYoungGen      total 50176K, used 13305K [0x00000000fab00000, 0x00000000ffc00000, 0x0000000100000000)
  eden space 36864K, 0% used [0x00000000fab00000,0x00000000fab00000,0x00000000fcf00000)
  from space 13312K, 99% used [0x00000000fcf00000,0x00000000fdbfe470,0x00000000fdc00000)
  to   space 19456K, 0% used [0x00000000fe900000,0x00000000fe900000,0x00000000ffc00000)
 ParOldGen       total 71680K, used 53023K [0x00000000f0000000, 0x00000000f4600000, 0x00000000fab00000)
  object space 71680K, 73% used [0x00000000f0000000,0x00000000f33c7f10,0x00000000f4600000)
 Metaspace       used 11911K, capacity 12036K, committed 12160K, reserved 1060864K
  class space    used 1310K, capacity 1336K, committed 1408K, reserved 1048576K
}
Event: 331,684 GC heap before
{Heap before GC invocations=23 (full 1):
 PSYoungGen      total 50176K, used 49768K [0x00000000fab00000, 0x00000000ffc00000, 0x0000000100000000)
  eden space 36864K, 98% used [0x00000000fab00000,0x00000000fce9bc50,0x00000000fcf00000)
  from space 13312K, 99% used [0x00000000fcf00000,0x00000000fdbfe470,0x00000000fdc00000)
  to   space 19456K, 0% used [0x00000000fe900000,0x00000000fe900000,0x00000000ffc00000)
 ParOldGen       total 71680K, used 53023K [0x00000000f0000000, 0x00000000f4600000, 0x00000000fab00000)
  object space 71680K, 73% used [0x00000000f0000000,0x00000000f33c7f10,0x00000000f4600000)
 Metaspace       used 11911K, capacity 12036K, committed 12160K, reserved 1060864K
  class space    used 1310K, capacity 1336K, committed 1408K, reserved 1048576K
Event: 331,982 GC heap after
Heap after GC invocations=23 (full 1):
 PSYoungGen      total 63488K, used 10999K [0x00000000fab00000, 0x0000000100000000, 0x0000000100000000)
  eden space 44032K, 0% used [0x00000000fab00000,0x00000000fab00000,0x00000000fd600000)
  from space 19456K, 56% used [0x00000000fe900000,0x00000000ff3bded0,0x00000000ffc00000)
  to   space 19456K, 0% used [0x00000000fd600000,0x00000000fd600000,0x00000000fe900000)
 ParOldGen       total 71680K, used 66316K [0x00000000f0000000, 0x00000000f4600000, 0x00000000fab00000)
  object space 71680K, 92% used [0x00000000f0000000,0x00000000f40c33c8,0x00000000f4600000)
 Metaspace       used 11911K, capacity 12036K, committed 12160K, reserved 1060864K
  class space    used 1310K, capacity 1336K, committed 1408K, reserved 1048576K
}
Event: 332,097 GC heap before
{Heap before GC invocations=24 (full 2):
 PSYoungGen      total 63488K, used 10999K [0x00000000fab00000, 0x0000000100000000, 0x0000000100000000)
  eden space 44032K, 0% used [0x00000000fab00000,0x00000000fab00000,0x00000000fd600000)
  from space 19456K, 56% used [0x00000000fe900000,0x00000000ff3bded0,0x00000000ffc00000)
  to   space 19456K, 0% used [0x00000000fd600000,0x00000000fd600000,0x00000000fe900000)
 ParOldGen       total 71680K, used 66316K [0x00000000f0000000, 0x00000000f4600000, 0x00000000fab00000)
  object space 71680K, 92% used [0x00000000f0000000,0x00000000f40c33c8,0x00000000f4600000)
 Metaspace       used 11911K, capacity 12036K, committed 12160K, reserved 1060864K
  class space    used 1310K, capacity 1336K, committed 1408K, reserved 1048576K

