# JRE version: Java(TM) SE Runtime Environment (8.0_181-b13) (build 1.8.0_181-b13)
# Java VM: Java HotSpot(TM) 64-Bit Server VM (25.181-b13 mixed mode windows-amd64 compressed oops)
Heap:
 PSYoungGen      total 29184K, used 12556K [0x00000000fd580000, 0x0000000100000000, 0x0000000100000000)
  eden space 14848K, 52% used [0x00000000fd580000,0x00000000fdd1d0b0,0x00000000fe400000)
  from space 14336K, 33% used [0x00000000ff200000,0x00000000ff6a6178,0x0000000100000000)
  to   space 14336K, 0% used [0x00000000fe400000,0x00000000fe400000,0x00000000ff200000)
 ParOldGen       total 87552K, used 73877K [0x00000000f8000000, 0x00000000fd580000, 0x00000000fd580000)
  object space 87552K, 84% used [0x00000000f8000000,0x00000000fc825510,0x00000000fd580000)
 Metaspace       used 11998K, capacity 12062K, committed 12160K, reserved 1060864K
  class space    used 1350K, capacity 1370K, committed 1408K, reserved 1048576K
GC Heap History (10 events):
Event: 100.720 GC heap before
{Heap before GC invocations=14 (full 0):
 PSYoungGen      total 29184K, used 19806K [0x00000000fd580000, 0x0000000100000000, 0x0000000100000000)
  eden space 14848K, 100% used [0x00000000fd580000,0x00000000fe400000,0x00000000fe400000)
  from space 14336K, 34% used [0x00000000fe400000,0x00000000fe8d78f8,0x00000000ff200000)
  to   space 14336K, 0% used [0x00000000ff200000,0x00000000ff200000,0x0000000100000000)
 ParOldGen       total 87552K, used 49350K [0x00000000f8000000, 0x00000000fd580000, 0x00000000fd580000)
  object space 87552K, 56% used [0x00000000f8000000,0x00000000fb031950,0x00000000fd580000)
 Metaspace       used 11939K, capacity 12062K, committed 12160K, reserved 1060864K
  class space    used 1346K, capacity 1370K, committed 1408K, reserved 1048576K
Event: 100.729 GC heap after
Heap after GC invocations=14 (full 0):
 PSYoungGen      total 29184K, used 7972K [0x00000000fd580000, 0x0000000100000000, 0x0000000100000000)
  eden space 14848K, 0% used [0x00000000fd580000,0x00000000fd580000,0x00000000fe400000)
  from space 14336K, 55% used [0x00000000ff200000,0x00000000ff9c9310,0x0000000100000000)
  to   space 14336K, 0% used [0x00000000fe400000,0x00000000fe400000,0x00000000ff200000)
 ParOldGen       total 87552K, used 54206K [0x00000000f8000000, 0x00000000fd580000, 0x00000000fd580000)
  object space 87552K, 61% used [0x00000000f8000000,0x00000000fb4efa78,0x00000000fd580000)
 Metaspace       used 11939K, capacity 12062K, committed 12160K, reserved 1060864K
  class space    used 1346K, capacity 1370K, committed 1408K, reserved 1048576K
}
Event: 100.799 GC heap before
{Heap before GC invocations=15 (full 0):
 PSYoungGen      total 29184K, used 22438K [0x00000000fd580000, 0x0000000100000000, 0x0000000100000000)
  eden space 14848K, 97% used [0x00000000fd580000,0x00000000fe3a0868,0x00000000fe400000)
  from space 14336K, 55% used [0x00000000ff200000,0x00000000ff9c9310,0x0000000100000000)
  to   space 14336K, 0% used [0x00000000fe400000,0x00000000fe400000,0x00000000ff200000)
 ParOldGen       total 87552K, used 54206K [0x00000000f8000000, 0x00000000fd580000, 0x00000000fd580000)
  object space 87552K, 61% used [0x00000000f8000000,0x00000000fb4efa78,0x00000000fd580000)
 Metaspace       used 11939K, capacity 12062K, committed 12160K, reserved 1060864K
  class space    used 1346K, capacity 1370K, committed 1408K, reserved 1048576K
Event: 100.810 GC heap after
Heap after GC invocations=15 (full 0):
 PSYoungGen      total 29184K, used 2395K [0x00000000fd580000, 0x0000000100000000, 0x0000000100000000)
  eden space 14848K, 0% used [0x00000000fd580000,0x00000000fd580000,0x00000000fe400000)
  from space 14336K, 16% used [0x00000000fe400000,0x00000000fe656c78,0x00000000ff200000)
  to   space 14336K, 0% used [0x00000000ff200000,0x00000000ff200000,0x0000000100000000)
 ParOldGen       total 87552K, used 62163K [0x00000000f8000000, 0x00000000fd580000, 0x00000000fd580000)
  object space 87552K, 71% used [0x00000000f8000000,0x00000000fbcb4d88,0x00000000fd580000)
 Metaspace       used 11939K, capacity 12062K, committed 12160K, reserved 1060864K
  class space    used 1346K, capacity 1370K, committed 1408K, reserved 1048576K
}
Event: 101.726 GC heap before
{Heap before GC invocations=16 (full 0):
 PSYoungGen      total 29184K, used 17243K [0x00000000fd580000, 0x0000000100000000, 0x0000000100000000)
  eden space 14848K, 100% used [0x00000000fd580000,0x00000000fe400000,0x00000000fe400000)
  from space 14336K, 16% used [0x00000000fe400000,0x00000000fe656c78,0x00000000ff200000)
  to   space 14336K, 0% used [0x00000000ff200000,0x00000000ff200000,0x0000000100000000)
 ParOldGen       total 87552K, used 62163K [0x00000000f8000000, 0x00000000fd580000, 0x00000000fd580000)
  object space 87552K, 71% used [0x00000000f8000000,0x00000000fbcb4d88,0x00000000fd580000)
 Metaspace       used 11939K, capacity 12062K, committed 12160K, reserved 1060864K
  class space    used 1346K, capacity 1370K, committed 1408K, reserved 1048576K
Event: 101.733 GC heap after
Heap after GC invocations=16 (full 0):
 PSYoungGen      total 29184K, used 4872K [0x00000000fd580000, 0x0000000100000000, 0x0000000100000000)
  eden space 14848K, 0% used [0x00000000fd580000,0x00000000fd580000,0x00000000fe400000)
  from space 14336K, 33% used [0x00000000ff200000,0x00000000ff6c2240,0x0000000100000000)
  to   space 14336K, 0% used [0x00000000fe400000,0x00000000fe400000,0x00000000ff200000)
 ParOldGen       total 87552K, used 64089K [0x00000000f8000000, 0x00000000fd580000, 0x00000000fd580000)
  object space 87552K, 73% used [0x00000000f8000000,0x00000000fbe96518,0x00000000fd580000)
 Metaspace       used 11939K, capacity 12062K, committed 12160K, reserved 1060864K
  class space    used 1346K, capacity 1370K, committed 1408K, reserved 1048576K
}
Event: 102.708 GC heap before
{Heap before GC invocations=17 (full 0):
 PSYoungGen      total 29184K, used 19720K [0x00000000fd580000, 0x0000000100000000, 0x0000000100000000)
  eden space 14848K, 100% used [0x00000000fd580000,0x00000000fe400000,0x00000000fe400000)
  from space 14336K, 33% used [0x00000000ff200000,0x00000000ff6c2240,0x0000000100000000)
  to   space 14336K, 0% used [0x00000000fe400000,0x00000000fe400000,0x00000000ff200000)
 ParOldGen       total 87552K, used 64089K [0x00000000f8000000, 0x00000000fd580000, 0x00000000fd580000)
  object space 87552K, 73% used [0x00000000f8000000,0x00000000fbe96518,0x00000000fd580000)
 Metaspace       used 11939K, capacity 12062K, committed 12160K, reserved 1060864K
  class space    used 1346K, capacity 1370K, committed 1408K, reserved 1048576K
Event: 102.716 GC heap after
Heap after GC invocations=17 (full 0):
 PSYoungGen      total 29184K, used 5186K [0x00000000fd580000, 0x0000000100000000, 0x0000000100000000)
  eden space 14848K, 0% used [0x00000000fd580000,0x00000000fd580000,0x00000000fe400000)
  from space 14336K, 36% used [0x00000000fe400000,0x00000000fe910b08,0x00000000ff200000)
  to   space 14336K, 0% used [0x00000000ff200000,0x00000000ff200000,0x0000000100000000)
 ParOldGen       total 87552K, used 68792K [0x00000000f8000000, 0x00000000fd580000, 0x00000000fd580000)
  object space 87552K, 78% used [0x00000000f8000000,0x00000000fc32e208,0x00000000fd580000)
 Metaspace       used 11939K, capacity 12062K, committed 12160K, reserved 1060864K
  class space    used 1346K, capacity 1370K, committed 1408K, reserved 1048576K
}
Event: 104.083 GC heap before
{Heap before GC invocations=18 (full 0):
 PSYoungGen      total 29184K, used 20034K [0x00000000fd580000, 0x0000000100000000, 0x0000000100000000)
  eden space 14848K, 100% used [0x00000000fd580000,0x00000000fe400000,0x00000000fe400000)
  from space 14336K, 36% used [0x00000000fe400000,0x00000000fe910b08,0x00000000ff200000)
  to   space 14336K, 0% used [0x00000000ff200000,0x00000000ff200000,0x0000000100000000)
 ParOldGen       total 87552K, used 68792K [0x00000000f8000000, 0x00000000fd580000, 0x00000000fd580000)
  object space 87552K, 78% used [0x00000000f8000000,0x00000000fc32e208,0x00000000fd580000)
 Metaspace       used 11939K, capacity 12062K, committed 12160K, reserved 1060864K
  class space    used 1346K, capacity 1370K, committed 1408K, reserved 1048576K
Event: 104.092 GC heap after
Heap after GC invocations=18 (full 0):
 PSYoungGen      total 29184K, used 4760K [0x00000000fd580000, 0x0000000100000000, 0x0000000100000000)
  eden space 14848K, 0% used [0x00000000fd580000,0x00000000fd580000,0x00000000fe400000)
  from space 14336K, 33% used [0x00000000ff200000,0x00000000ff6a6178,0x0000000100000000)
  to   space 14336K, 0% used [0x00000000fe400000,0x00000000fe400000,0x00000000ff200000)
 ParOldGen       total 87552K, used 73877K [0x00000000f8000000, 0x00000000fd580000, 0x00000000fd580000)
  object space 87552K, 84% used [0x00000000f8000000,0x00000000fc825510,0x00000000fd580000)
 Metaspace       used 11939K, capacity 12062K, committed 12160K, reserved 1060864K
  class space    used 1346K, capacity 1370K, committed 1408K, reserved 1048576K
}

