# JRE version: Java(TM) SE Runtime Environment (8.0_181-b13) (build 1.8.0_181-b13)
# Java VM: Java HotSpot(TM) 64-Bit Server VM (25.181-b13 mixed mode windows-amd64 compressed oops)
Heap:
 PSYoungGen      total 29184K, used 13698K [0x00000000fd580000, 0x0000000100000000, 0x0000000100000000)
  eden space 14848K, 92% used [0x00000000fd580000,0x00000000fe2e0938,0x00000000fe400000)
  from space 14336K, 0% used [0x00000000ff200000,0x00000000ff200000,0x0000000100000000)
  to   space 14336K, 0% used [0x00000000fe400000,0x00000000fe400000,0x00000000ff200000)
 ParOldGen       total 87552K, used 75668K [0x00000000f8000000, 0x00000000fd580000, 0x00000000fd580000)
  object space 87552K, 86% used [0x00000000f8000000,0x00000000fc9e53b8,0x00000000fd580000)
 Metaspace       used 12011K, capacity 12126K, committed 12416K, reserved 1060864K
  class space    used 1350K, capacity 1370K, committed 1408K, reserved 1048576K
GC Heap History (10 events):
Event: 52.374 GC heap before
{Heap before GC invocations=15 (full 0):
 PSYoungGen      total 29184K, used 20288K [0x00000000fd580000, 0x0000000100000000, 0x0000000100000000)
  eden space 14848K, 100% used [0x00000000fd580000,0x00000000fe400000,0x00000000fe400000)
  from space 14336K, 37% used [0x00000000ff200000,0x00000000ff750000,0x0000000100000000)
  to   space 14336K, 0% used [0x00000000fe400000,0x00000000fe400000,0x00000000ff200000)
 ParOldGen       total 87552K, used 60615K [0x00000000f8000000, 0x00000000fd580000, 0x00000000fd580000)
  object space 87552K, 69% used [0x00000000f8000000,0x00000000fbb31dc0,0x00000000fd580000)
 Metaspace       used 11936K, capacity 12062K, committed 12160K, reserved 1060864K
  class space    used 1345K, capacity 1370K, committed 1408K, reserved 1048576K
Event: 52.384 GC heap after
Heap after GC invocations=15 (full 0):
 PSYoungGen      total 29184K, used 1805K [0x00000000fd580000, 0x0000000100000000, 0x0000000100000000)
  eden space 14848K, 0% used [0x00000000fd580000,0x00000000fd580000,0x00000000fe400000)
  from space 14336K, 12% used [0x00000000fe400000,0x00000000fe5c3790,0x00000000ff200000)
  to   space 14336K, 0% used [0x00000000ff200000,0x00000000ff200000,0x0000000100000000)
 ParOldGen       total 87552K, used 66031K [0x00000000f8000000, 0x00000000fd580000, 0x00000000fd580000)
  object space 87552K, 75% used [0x00000000f8000000,0x00000000fc07bdc0,0x00000000fd580000)
 Metaspace       used 11936K, capacity 12062K, committed 12160K, reserved 1060864K
  class space    used 1345K, capacity 1370K, committed 1408K, reserved 1048576K
}
Event: 52.503 GC heap before
{Heap before GC invocations=16 (full 0):
 PSYoungGen      total 29184K, used 16653K [0x00000000fd580000, 0x0000000100000000, 0x0000000100000000)
  eden space 14848K, 100% used [0x00000000fd580000,0x00000000fe400000,0x00000000fe400000)
  from space 14336K, 12% used [0x00000000fe400000,0x00000000fe5c3790,0x00000000ff200000)
  to   space 14336K, 0% used [0x00000000ff200000,0x00000000ff200000,0x0000000100000000)
 ParOldGen       total 87552K, used 66031K [0x00000000f8000000, 0x00000000fd580000, 0x00000000fd580000)
  object space 87552K, 75% used [0x00000000f8000000,0x00000000fc07bdc0,0x00000000fd580000)
 Metaspace       used 11936K, capacity 12062K, committed 12160K, reserved 1060864K
  class space    used 1345K, capacity 1370K, committed 1408K, reserved 1048576K
Event: 52.514 GC heap after
Heap after GC invocations=16 (full 0):
 PSYoungGen      total 29184K, used 5063K [0x00000000fd580000, 0x0000000100000000, 0x0000000100000000)
  eden space 14848K, 0% used [0x00000000fd580000,0x00000000fd580000,0x00000000fe400000)
  from space 14336K, 35% used [0x00000000ff200000,0x00000000ff6f1c60,0x0000000100000000)
  to   space 14336K, 0% used [0x00000000fe400000,0x00000000fe400000,0x00000000ff200000)
 ParOldGen       total 87552K, used 67737K [0x00000000f8000000, 0x00000000fd580000, 0x00000000fd580000)
  object space 87552K, 77% used [0x00000000f8000000,0x00000000fc226750,0x00000000fd580000)
 Metaspace       used 11936K, capacity 12062K, committed 12160K, reserved 1060864K
  class space    used 1345K, capacity 1370K, committed 1408K, reserved 1048576K
}
Event: 52.586 GC heap before
{Heap before GC invocations=17 (full 0):
 PSYoungGen      total 29184K, used 19728K [0x00000000fd580000, 0x0000000100000000, 0x0000000100000000)
  eden space 14848K, 98% used [0x00000000fd580000,0x00000000fe3d2460,0x00000000fe400000)
  from space 14336K, 35% used [0x00000000ff200000,0x00000000ff6f1c60,0x0000000100000000)
  to   space 14336K, 0% used [0x00000000fe400000,0x00000000fe400000,0x00000000ff200000)
 ParOldGen       total 87552K, used 67737K [0x00000000f8000000, 0x00000000fd580000, 0x00000000fd580000)
  object space 87552K, 77% used [0x00000000f8000000,0x00000000fc226750,0x00000000fd580000)
 Metaspace       used 11936K, capacity 12062K, committed 12160K, reserved 1060864K
  class space    used 1345K, capacity 1370K, committed 1408K, reserved 1048576K
Event: 52.604 GC heap after
Heap after GC invocations=17 (full 0):
 PSYoungGen      total 29184K, used 4818K [0x00000000fd580000, 0x0000000100000000, 0x0000000100000000)
  eden space 14848K, 0% used [0x00000000fd580000,0x00000000fd580000,0x00000000fe400000)
  from space 14336K, 33% used [0x00000000fe400000,0x00000000fe8b4928,0x00000000ff200000)
  to   space 14336K, 0% used [0x00000000ff200000,0x00000000ff200000,0x0000000100000000)
 ParOldGen       total 87552K, used 72691K [0x00000000f8000000, 0x00000000fd580000, 0x00000000fd580000)
  object space 87552K, 83% used [0x00000000f8000000,0x00000000fc6fce60,0x00000000fd580000)
 Metaspace       used 11936K, capacity 12062K, committed 12160K, reserved 1060864K
  class space    used 1345K, capacity 1370K, committed 1408K, reserved 1048576K
}
Event: 52.689 GC heap before
{Heap before GC invocations=18 (full 0):
 PSYoungGen      total 29184K, used 19666K [0x00000000fd580000, 0x0000000100000000, 0x0000000100000000)
  eden space 14848K, 100% used [0x00000000fd580000,0x00000000fe400000,0x00000000fe400000)
  from space 14336K, 33% used [0x00000000fe400000,0x00000000fe8b4928,0x00000000ff200000)
  to   space 14336K, 0% used [0x00000000ff200000,0x00000000ff200000,0x0000000100000000)
 ParOldGen       total 87552K, used 72691K [0x00000000f8000000, 0x00000000fd580000, 0x00000000fd580000)
  object space 87552K, 83% used [0x00000000f8000000,0x00000000fc6fce60,0x00000000fd580000)
 Metaspace       used 11936K, capacity 12062K, committed 12160K, reserved 1060864K
  class space    used 1345K, capacity 1370K, committed 1408K, reserved 1048576K
Event: 52.701 GC heap after
Heap after GC invocations=18 (full 0):
 PSYoungGen      total 29184K, used 4627K [0x00000000fd580000, 0x0000000100000000, 0x0000000100000000)
  eden space 14848K, 0% used [0x00000000fd580000,0x00000000fd580000,0x00000000fe400000)
  from space 14336K, 32% used [0x00000000ff200000,0x00000000ff684cc0,0x0000000100000000)
  to   space 14336K, 0% used [0x00000000fe400000,0x00000000fe400000,0x00000000ff200000)
 ParOldGen       total 87552K, used 77247K [0x00000000f8000000, 0x00000000fd580000, 0x00000000fd580000)
  object space 87552K, 88% used [0x00000000f8000000,0x00000000fcb6fe50,0x00000000fd580000)
 Metaspace       used 11936K, capacity 12062K, committed 12160K, reserved 1060864K
  class space    used 1345K, capacity 1370K, committed 1408K, reserved 1048576K
}
Event: 52.701 GC heap before
{Heap before GC invocations=19 (full 1):
 PSYoungGen      total 29184K, used 4627K [0x00000000fd580000, 0x0000000100000000, 0x0000000100000000)
  eden space 14848K, 0% used [0x00000000fd580000,0x00000000fd580000,0x00000000fe400000)
  from space 14336K, 32% used [0x00000000ff200000,0x00000000ff684cc0,0x0000000100000000)
  to   space 14336K, 0% used [0x00000000fe400000,0x00000000fe400000,0x00000000ff200000)
 ParOldGen       total 87552K, used 77247K [0x00000000f8000000, 0x00000000fd580000, 0x00000000fd580000)
  object space 87552K, 88% used [0x00000000f8000000,0x00000000fcb6fe50,0x00000000fd580000)
 Metaspace       used 11936K, capacity 12062K, committed 12160K, reserved 1060864K
  class space    used 1345K, capacity 1370K, committed 1408K, reserved 1048576K
Event: 53.103 GC heap after
Heap after GC invocations=19 (full 1):
 PSYoungGen      total 29184K, used 0K [0x00000000fd580000, 0x0000000100000000, 0x0000000100000000)
  eden space 14848K, 0% used [0x00000000fd580000,0x00000000fd580000,0x00000000fe400000)
  from space 14336K, 0% used [0x00000000ff200000,0x00000000ff200000,0x0000000100000000)
  to   space 14336K, 0% used [0x00000000fe400000,0x00000000fe400000,0x00000000ff200000)
 ParOldGen       total 87552K, used 75668K [0x00000000f8000000, 0x00000000fd580000, 0x00000000fd580000)
  object space 87552K, 86% used [0x00000000f8000000,0x00000000fc9e53b8,0x00000000fd580000)
 Metaspace       used 11936K, capacity 12062K, committed 12160K, reserved 1060864K
  class space    used 1345K, capacity 1370K, committed 1408K, reserved 1048576K
}

