# JRE version: Java(TM) SE Runtime Environment (8.0_181-b13) (build 1.8.0_181-b13)
# Java VM: Java HotSpot(TM) 64-Bit Server VM (25.181-b13 mixed mode windows-amd64 compressed oops)
Heap:
 PSYoungGen      total 29184K, used 6489K [0x00000000fd580000, 0x0000000100000000, 0x0000000100000000)
  eden space 14848K, 23% used [0x00000000fd580000,0x00000000fd8def08,0x00000000fe400000)
  from space 14336K, 21% used [0x00000000ff200000,0x00000000ff4f7808,0x0000000100000000)
  to   space 14336K, 0% used [0x00000000fe400000,0x00000000fe400000,0x00000000ff200000)
 ParOldGen       total 87552K, used 87305K [0x00000000f8000000, 0x00000000fd580000, 0x00000000fd580000)
  object space 87552K, 99% used [0x00000000f8000000,0x00000000fd542410,0x00000000fd580000)
 Metaspace       used 12050K, capacity 12122K, committed 12160K, reserved 1060864K
  class space    used 1353K, capacity 1370K, committed 1408K, reserved 1048576K
GC Heap History (10 events):
Event: 51.880 GC heap before
{Heap before GC invocations=17 (full 0):
 PSYoungGen      total 29184K, used 19581K [0x00000000fd580000, 0x0000000100000000, 0x0000000100000000)
  eden space 14848K, 100% used [0x00000000fd580000,0x00000000fe400000,0x00000000fe400000)
  from space 14336K, 33% used [0x00000000ff200000,0x00000000ff69f4d8,0x0000000100000000)
  to   space 14336K, 0% used [0x00000000fe400000,0x00000000fe400000,0x00000000ff200000)
 ParOldGen       total 87552K, used 64301K [0x00000000f8000000, 0x00000000fd580000, 0x00000000fd580000)
  object space 87552K, 73% used [0x00000000f8000000,0x00000000fbecb7b0,0x00000000fd580000)
 Metaspace       used 11931K, capacity 12058K, committed 12160K, reserved 1060864K
  class space    used 1345K, capacity 1370K, committed 1408K, reserved 1048576K
Event: 51.892 GC heap after
Heap after GC invocations=17 (full 0):
 PSYoungGen      total 29184K, used 4718K [0x00000000fd580000, 0x0000000100000000, 0x0000000100000000)
  eden space 14848K, 0% used [0x00000000fd580000,0x00000000fd580000,0x00000000fe400000)
  from space 14336K, 32% used [0x00000000fe400000,0x00000000fe89b9a8,0x00000000ff200000)
  to   space 14336K, 0% used [0x00000000ff200000,0x00000000ff200000,0x0000000100000000)
 ParOldGen       total 87552K, used 68725K [0x00000000f8000000, 0x00000000fd580000, 0x00000000fd580000)
  object space 87552K, 78% used [0x00000000f8000000,0x00000000fc31d6a0,0x00000000fd580000)
 Metaspace       used 11931K, capacity 12058K, committed 12160K, reserved 1060864K
  class space    used 1345K, capacity 1370K, committed 1408K, reserved 1048576K
}
Event: 51.982 GC heap before
{Heap before GC invocations=18 (full 0):
 PSYoungGen      total 29184K, used 19566K [0x00000000fd580000, 0x0000000100000000, 0x0000000100000000)
  eden space 14848K, 100% used [0x00000000fd580000,0x00000000fe400000,0x00000000fe400000)
  from space 14336K, 32% used [0x00000000fe400000,0x00000000fe89b9a8,0x00000000ff200000)
  to   space 14336K, 0% used [0x00000000ff200000,0x00000000ff200000,0x0000000100000000)
 ParOldGen       total 87552K, used 68725K [0x00000000f8000000, 0x00000000fd580000, 0x00000000fd580000)
  object space 87552K, 78% used [0x00000000f8000000,0x00000000fc31d6a0,0x00000000fd580000)
 Metaspace       used 11931K, capacity 12058K, committed 12160K, reserved 1060864K
  class space    used 1345K, capacity 1370K, committed 1408K, reserved 1048576K
Event: 51.993 GC heap after
Heap after GC invocations=18 (full 0):
 PSYoungGen      total 29184K, used 4840K [0x00000000fd580000, 0x0000000100000000, 0x0000000100000000)
  eden space 14848K, 0% used [0x00000000fd580000,0x00000000fd580000,0x00000000fe400000)
  from space 14336K, 33% used [0x00000000ff200000,0x00000000ff6ba340,0x0000000100000000)
  to   space 14336K, 0% used [0x00000000fe400000,0x00000000fe400000,0x00000000ff200000)
 ParOldGen       total 87552K, used 73307K [0x00000000f8000000, 0x00000000fd580000, 0x00000000fd580000)
  object space 87552K, 83% used [0x00000000f8000000,0x00000000fc796c18,0x00000000fd580000)
 Metaspace       used 11931K, capacity 12058K, committed 12160K, reserved 1060864K
  class space    used 1345K, capacity 1370K, committed 1408K, reserved 1048576K
}
Event: 52.103 GC heap before
{Heap before GC invocations=19 (full 0):
 PSYoungGen      total 29184K, used 19688K [0x00000000fd580000, 0x0000000100000000, 0x0000000100000000)
  eden space 14848K, 100% used [0x00000000fd580000,0x00000000fe400000,0x00000000fe400000)
  from space 14336K, 33% used [0x00000000ff200000,0x00000000ff6ba340,0x0000000100000000)
  to   space 14336K, 0% used [0x00000000fe400000,0x00000000fe400000,0x00000000ff200000)
 ParOldGen       total 87552K, used 73307K [0x00000000f8000000, 0x00000000fd580000, 0x00000000fd580000)
  object space 87552K, 83% used [0x00000000f8000000,0x00000000fc796c18,0x00000000fd580000)
 Metaspace       used 12005K, capacity 12122K, committed 12160K, reserved 1060864K
  class space    used 1350K, capacity 1370K, committed 1408K, reserved 1048576K
Event: 52.116 GC heap after
Heap after GC invocations=19 (full 0):
 PSYoungGen      total 29184K, used 6515K [0x00000000fd580000, 0x0000000100000000, 0x0000000100000000)
  eden space 14848K, 0% used [0x00000000fd580000,0x00000000fd580000,0x00000000fe400000)
  from space 14336K, 45% used [0x00000000fe400000,0x00000000fea5ce10,0x00000000ff200000)
  to   space 14336K, 0% used [0x00000000ff200000,0x00000000ff200000,0x0000000100000000)
 ParOldGen       total 87552K, used 78054K [0x00000000f8000000, 0x00000000fd580000, 0x00000000fd580000)
  object space 87552K, 89% used [0x00000000f8000000,0x00000000fcc39a28,0x00000000fd580000)
 Metaspace       used 12005K, capacity 12122K, committed 12160K, reserved 1060864K
  class space    used 1350K, capacity 1370K, committed 1408K, reserved 1048576K
}
Event: 52.223 GC heap before
{Heap before GC invocations=20 (full 0):
 PSYoungGen      total 29184K, used 21363K [0x00000000fd580000, 0x0000000100000000, 0x0000000100000000)
  eden space 14848K, 100% used [0x00000000fd580000,0x00000000fe400000,0x00000000fe400000)
  from space 14336K, 45% used [0x00000000fe400000,0x00000000fea5ce10,0x00000000ff200000)
  to   space 14336K, 0% used [0x00000000ff200000,0x00000000ff200000,0x0000000100000000)
 ParOldGen       total 87552K, used 78054K [0x00000000f8000000, 0x00000000fd580000, 0x00000000fd580000)
  object space 87552K, 89% used [0x00000000f8000000,0x00000000fcc39a28,0x00000000fd580000)
 Metaspace       used 12012K, capacity 12122K, committed 12160K, reserved 1060864K
  class space    used 1350K, capacity 1370K, committed 1408K, reserved 1048576K
Event: 52.241 GC heap after
Heap after GC invocations=20 (full 0):
 PSYoungGen      total 29184K, used 8193K [0x00000000fd580000, 0x0000000100000000, 0x0000000100000000)
  eden space 14848K, 0% used [0x00000000fd580000,0x00000000fd580000,0x00000000fe400000)
  from space 14336K, 57% used [0x00000000ff200000,0x00000000ffa00500,0x0000000100000000)
  to   space 14336K, 0% used [0x00000000fe400000,0x00000000fe400000,0x00000000ff200000)
 ParOldGen       total 87552K, used 84106K [0x00000000f8000000, 0x00000000fd580000, 0x00000000fd580000)
  object space 87552K, 96% used [0x00000000f8000000,0x00000000fd2228b8,0x00000000fd580000)
 Metaspace       used 12012K, capacity 12122K, committed 12160K, reserved 1060864K
  class space    used 1350K, capacity 1370K, committed 1408K, reserved 1048576K
}
Event: 52.241 GC heap before
{Heap before GC invocations=21 (full 1):
 PSYoungGen      total 29184K, used 8193K [0x00000000fd580000, 0x0000000100000000, 0x0000000100000000)
  eden space 14848K, 0% used [0x00000000fd580000,0x00000000fd580000,0x00000000fe400000)
  from space 14336K, 57% used [0x00000000ff200000,0x00000000ffa00500,0x0000000100000000)
  to   space 14336K, 0% used [0x00000000fe400000,0x00000000fe400000,0x00000000ff200000)
 ParOldGen       total 87552K, used 84106K [0x00000000f8000000, 0x00000000fd580000, 0x00000000fd580000)
  object space 87552K, 96% used [0x00000000f8000000,0x00000000fd2228b8,0x00000000fd580000)
 Metaspace       used 12012K, capacity 12122K, committed 12160K, reserved 1060864K
  class space    used 1350K, capacity 1370K, committed 1408K, reserved 1048576K
Event: 52.782 GC heap after
Heap after GC invocations=21 (full 1):
 PSYoungGen      total 29184K, used 3038K [0x00000000fd580000, 0x0000000100000000, 0x0000000100000000)
  eden space 14848K, 0% used [0x00000000fd580000,0x00000000fd580000,0x00000000fe400000)
  from space 14336K, 21% used [0x00000000ff200000,0x00000000ff4f7808,0x0000000100000000)
  to   space 14336K, 0% used [0x00000000fe400000,0x00000000fe400000,0x00000000ff200000)
 ParOldGen       total 87552K, used 87305K [0x00000000f8000000, 0x00000000fd580000, 0x00000000fd580000)
  object space 87552K, 99% used [0x00000000f8000000,0x00000000fd542410,0x00000000fd580000)
 Metaspace       used 12012K, capacity 12122K, committed 12160K, reserved 1060864K
  class space    used 1350K, capacity 1370K, committed 1408K, reserved 1048576K
}

