# JRE version: Java(TM) SE Runtime Environment (8.0_181-b13) (build 1.8.0_181-b13)
# Java VM: Java HotSpot(TM) 64-Bit Server VM (25.181-b13 mixed mode windows-amd64 compressed oops)
Heap:
 PSYoungGen      total 21504K, used 4957K [0x00000000fd580000, 0x00000000fff00000, 0x0000000100000000)
  eden space 14848K, 33% used [0x00000000fd580000,0x00000000fda57560,0x00000000fe400000)
  from space 6656K, 0% used [0x00000000fe400000,0x00000000fe400000,0x00000000fea80000)
  to   space 13824K, 0% used [0x00000000ff180000,0x00000000ff180000,0x00000000fff00000)
 ParOldGen       total 87552K, used 87511K [0x00000000f8000000, 0x00000000fd580000, 0x00000000fd580000)
  object space 87552K, 99% used [0x00000000f8000000,0x00000000fd575e00,0x00000000fd580000)
 Metaspace       used 12053K, capacity 12118K, committed 12416K, reserved 1060864K
  class space    used 1351K, capacity 1368K, committed 1408K, reserved 1048576K
GC Heap History (10 events):
Event: 51.612 GC heap before
{Heap before GC invocations=17 (full 0):
 PSYoungGen      total 29184K, used 19403K [0x00000000fd580000, 0x0000000100000000, 0x0000000100000000)
  eden space 14848K, 100% used [0x00000000fd580000,0x00000000fe400000,0x00000000fe400000)
  from space 14336K, 31% used [0x00000000ff200000,0x00000000ff672d98,0x0000000100000000)
  to   space 14336K, 0% used [0x00000000fe400000,0x00000000fe400000,0x00000000ff200000)
 ParOldGen       total 87552K, used 64206K [0x00000000f8000000, 0x00000000fd580000, 0x00000000fd580000)
  object space 87552K, 73% used [0x00000000f8000000,0x00000000fbeb3b28,0x00000000fd580000)
 Metaspace       used 11938K, capacity 12066K, committed 12160K, reserved 1060864K
  class space    used 1345K, capacity 1370K, committed 1408K, reserved 1048576K
Event: 51.628 GC heap after
Heap after GC invocations=17 (full 0):
 PSYoungGen      total 29184K, used 4870K [0x00000000fd580000, 0x0000000100000000, 0x0000000100000000)
  eden space 14848K, 0% used [0x00000000fd580000,0x00000000fd580000,0x00000000fe400000)
  from space 14336K, 33% used [0x00000000fe400000,0x00000000fe8c1b40,0x00000000ff200000)
  to   space 14336K, 0% used [0x00000000ff200000,0x00000000ff200000,0x0000000100000000)
 ParOldGen       total 87552K, used 68666K [0x00000000f8000000, 0x00000000fd580000, 0x00000000fd580000)
  object space 87552K, 78% used [0x00000000f8000000,0x00000000fc30e868,0x00000000fd580000)
 Metaspace       used 11938K, capacity 12066K, committed 12160K, reserved 1060864K
  class space    used 1345K, capacity 1370K, committed 1408K, reserved 1048576K
}
Event: 51.710 GC heap before
{Heap before GC invocations=18 (full 0):
 PSYoungGen      total 29184K, used 19718K [0x00000000fd580000, 0x0000000100000000, 0x0000000100000000)
  eden space 14848K, 100% used [0x00000000fd580000,0x00000000fe400000,0x00000000fe400000)
  from space 14336K, 33% used [0x00000000fe400000,0x00000000fe8c1b40,0x00000000ff200000)
  to   space 14336K, 0% used [0x00000000ff200000,0x00000000ff200000,0x0000000100000000)
 ParOldGen       total 87552K, used 68666K [0x00000000f8000000, 0x00000000fd580000, 0x00000000fd580000)
  object space 87552K, 78% used [0x00000000f8000000,0x00000000fc30e868,0x00000000fd580000)
 Metaspace       used 11938K, capacity 12066K, committed 12160K, reserved 1060864K
  class space    used 1345K, capacity 1370K, committed 1408K, reserved 1048576K
Event: 51.723 GC heap after
Heap after GC invocations=18 (full 0):
 PSYoungGen      total 29184K, used 4787K [0x00000000fd580000, 0x0000000100000000, 0x0000000100000000)
  eden space 14848K, 0% used [0x00000000fd580000,0x00000000fd580000,0x00000000fe400000)
  from space 14336K, 33% used [0x00000000ff200000,0x00000000ff6acf48,0x0000000100000000)
  to   space 14336K, 0% used [0x00000000fe400000,0x00000000fe400000,0x00000000ff200000)
 ParOldGen       total 87552K, used 73405K [0x00000000f8000000, 0x00000000fd580000, 0x00000000fd580000)
  object space 87552K, 83% used [0x00000000f8000000,0x00000000fc7af638,0x00000000fd580000)
 Metaspace       used 11938K, capacity 12066K, committed 12160K, reserved 1060864K
  class space    used 1345K, capacity 1370K, committed 1408K, reserved 1048576K
}
Event: 51.895 GC heap before
{Heap before GC invocations=19 (full 0):
 PSYoungGen      total 29184K, used 19383K [0x00000000fd580000, 0x0000000100000000, 0x0000000100000000)
  eden space 14848K, 98% used [0x00000000fd580000,0x00000000fe3c0fc8,0x00000000fe400000)
  from space 14336K, 33% used [0x00000000ff200000,0x00000000ff6acf48,0x0000000100000000)
  to   space 14336K, 0% used [0x00000000fe400000,0x00000000fe400000,0x00000000ff200000)
 ParOldGen       total 87552K, used 73405K [0x00000000f8000000, 0x00000000fd580000, 0x00000000fd580000)
  object space 87552K, 83% used [0x00000000f8000000,0x00000000fc7af638,0x00000000fd580000)
 Metaspace       used 12013K, capacity 12130K, committed 12416K, reserved 1060864K
  class space    used 1350K, capacity 1370K, committed 1408K, reserved 1048576K
Event: 51.907 GC heap after
Heap after GC invocations=19 (full 0):
 PSYoungGen      total 21504K, used 6369K [0x00000000fd580000, 0x00000000fff00000, 0x0000000100000000)
  eden space 14848K, 0% used [0x00000000fd580000,0x00000000fd580000,0x00000000fe400000)
  from space 6656K, 95% used [0x00000000fe400000,0x00000000fea38560,0x00000000fea80000)
  to   space 13824K, 0% used [0x00000000ff180000,0x00000000ff180000,0x00000000fff00000)
 ParOldGen       total 87552K, used 78100K [0x00000000f8000000, 0x00000000fd580000, 0x00000000fd580000)
  object space 87552K, 89% used [0x00000000f8000000,0x00000000fcc45338,0x00000000fd580000)
 Metaspace       used 12013K, capacity 12130K, committed 12416K, reserved 1060864K
  class space    used 1350K, capacity 1370K, committed 1408K, reserved 1048576K
}
Event: 51.907 GC heap before
{Heap before GC invocations=20 (full 1):
 PSYoungGen      total 21504K, used 6369K [0x00000000fd580000, 0x00000000fff00000, 0x0000000100000000)
  eden space 14848K, 0% used [0x00000000fd580000,0x00000000fd580000,0x00000000fe400000)
  from space 6656K, 95% used [0x00000000fe400000,0x00000000fea38560,0x00000000fea80000)
  to   space 13824K, 0% used [0x00000000ff180000,0x00000000ff180000,0x00000000fff00000)
 ParOldGen       total 87552K, used 78100K [0x00000000f8000000, 0x00000000fd580000, 0x00000000fd580000)
  object space 87552K, 89% used [0x00000000f8000000,0x00000000fcc45338,0x00000000fd580000)
 Metaspace       used 12013K, capacity 12130K, committed 12416K, reserved 1060864K
  class space    used 1350K, capacity 1370K, committed 1408K, reserved 1048576K
Event: 52.357 GC heap after
Heap after GC invocations=20 (full 1):
 PSYoungGen      total 21504K, used 0K [0x00000000fd580000, 0x00000000fff00000, 0x0000000100000000)
  eden space 14848K, 0% used [0x00000000fd580000,0x00000000fd580000,0x00000000fe400000)
  from space 6656K, 0% used [0x00000000fe400000,0x00000000fe400000,0x00000000fea80000)
  to   space 13824K, 0% used [0x00000000ff180000,0x00000000ff180000,0x00000000fff00000)
 ParOldGen       total 87552K, used 81047K [0x00000000f8000000, 0x00000000fd580000, 0x00000000fd580000)
  object space 87552K, 92% used [0x00000000f8000000,0x00000000fcf25e98,0x00000000fd580000)
 Metaspace       used 12013K, capacity 12130K, committed 12416K, reserved 1060864K
  class space    used 1350K, capacity 1370K, committed 1408K, reserved 1048576K
}
Event: 52.521 GC heap before
{Heap before GC invocations=21 (full 2):
 PSYoungGen      total 21504K, used 14848K [0x00000000fd580000, 0x00000000fff00000, 0x0000000100000000)
  eden space 14848K, 100% used [0x00000000fd580000,0x00000000fe400000,0x00000000fe400000)
  from space 6656K, 0% used [0x00000000fe400000,0x00000000fe400000,0x00000000fea80000)
  to   space 13824K, 0% used [0x00000000ff180000,0x00000000ff180000,0x00000000fff00000)
 ParOldGen       total 87552K, used 81047K [0x00000000f8000000, 0x00000000fd580000, 0x00000000fd580000)
  object space 87552K, 92% used [0x00000000f8000000,0x00000000fcf25e98,0x00000000fd580000)
 Metaspace       used 12020K, capacity 12130K, committed 12416K, reserved 1060864K
  class space    used 1350K, capacity 1370K, committed 1408K, reserved 1048576K
Event: 53.138 GC heap after
Heap after GC invocations=21 (full 2):
 PSYoungGen      total 21504K, used 1058K [0x00000000fd580000, 0x00000000fff00000, 0x0000000100000000)
  eden space 14848K, 7% used [0x00000000fd580000,0x00000000fd6888d0,0x00000000fe400000)
  from space 6656K, 0% used [0x00000000fe400000,0x00000000fe400000,0x00000000fea80000)
  to   space 13824K, 0% used [0x00000000ff180000,0x00000000ff180000,0x00000000fff00000)
 ParOldGen       total 87552K, used 87511K [0x00000000f8000000, 0x00000000fd580000, 0x00000000fd580000)
  object space 87552K, 99% used [0x00000000f8000000,0x00000000fd575e00,0x00000000fd580000)
 Metaspace       used 12013K, capacity 12118K, committed 12416K, reserved 1060864K
  class space    used 1349K, capacity 1368K, committed 1408K, reserved 1048576K
}

