# JRE version: Java(TM) SE Runtime Environment (8.0_201-b09) (build 1.8.0_201-b09)
# Java VM: Java HotSpot(TM) 64-Bit Server VM (25.201-b09 mixed mode linux-amd64 compressed oops)
Heap:
 PSYoungGen      total 276480K, used 0K [0x00000000eab00000, 0x0000000100000000, 0x0000000100000000)
  eden space 203776K, 0% used [0x00000000eab00000,0x00000000eab00000,0x00000000f7200000)
  from space 72704K, 0% used [0x00000000f7200000,0x00000000f7200000,0x00000000fb900000)
  to   space 70656K, 0% used [0x00000000fbb00000,0x00000000fbb00000,0x0000000100000000)
 ParOldGen       total 158720K, used 137083K [0x00000000c0000000, 0x00000000c9b00000, 0x00000000eab00000)
  object space 158720K, 86% used [0x00000000c0000000,0x00000000c85dee60,0x00000000c9b00000)
 Metaspace       used 14887K, capacity 14980K, committed 15104K, reserved 1062912K
  class space    used 1500K, capacity 1528K, committed 1536K, reserved 1048576K
GC Heap History (10 events):
Event: 4,929 GC heap after
Heap after GC invocations=8 (full 0):
 PSYoungGen      total 251904K, used 36346K [0x00000000eab00000, 0x00000000ff300000, 0x0000000100000000)
  eden space 215552K, 0% used [0x00000000eab00000,0x00000000eab00000,0x00000000f7d80000)
  from space 36352K, 99% used [0x00000000fb080000,0x00000000fd3feaa8,0x00000000fd400000)
  to   space 52224K, 0% used [0x00000000f7d80000,0x00000000f7d80000,0x00000000fb080000)
 ParOldGen       total 84992K, used 67875K [0x00000000c0000000, 0x00000000c5300000, 0x00000000eab00000)
  object space 84992K, 79% used [0x00000000c0000000,0x00000000c4248cc0,0x00000000c5300000)
 Metaspace       used 11784K, capacity 11940K, committed 12160K, reserved 1060864K
  class space    used 1326K, capacity 1368K, committed 1408K, reserved 1048576K
}
Event: 4,929 GC heap before
{Heap before GC invocations=9 (full 1):
 PSYoungGen      total 251904K, used 36346K [0x00000000eab00000, 0x00000000ff300000, 0x0000000100000000)
  eden space 215552K, 0% used [0x00000000eab00000,0x00000000eab00000,0x00000000f7d80000)
  from space 36352K, 99% used [0x00000000fb080000,0x00000000fd3feaa8,0x00000000fd400000)
  to   space 52224K, 0% used [0x00000000f7d80000,0x00000000f7d80000,0x00000000fb080000)
 ParOldGen       total 84992K, used 67875K [0x00000000c0000000, 0x00000000c5300000, 0x00000000eab00000)
  object space 84992K, 79% used [0x00000000c0000000,0x00000000c4248cc0,0x00000000c5300000)
 Metaspace       used 11784K, capacity 11940K, committed 12160K, reserved 1060864K
  class space    used 1326K, capacity 1368K, committed 1408K, reserved 1048576K
Event: 5,255 GC heap after
Heap after GC invocations=9 (full 1):
 PSYoungGen      total 251904K, used 16309K [0x00000000eab00000, 0x00000000ff300000, 0x0000000100000000)
  eden space 215552K, 0% used [0x00000000eab00000,0x00000000eab00000,0x00000000f7d80000)
  from space 36352K, 44% used [0x00000000fb080000,0x00000000fc06d7f0,0x00000000fd400000)
  to   space 52224K, 0% used [0x00000000f7d80000,0x00000000f7d80000,0x00000000fb080000)
 ParOldGen       total 158720K, used 84851K [0x00000000c0000000, 0x00000000c9b00000, 0x00000000eab00000)
  object space 158720K, 53% used [0x00000000c0000000,0x00000000c52dcc70,0x00000000c9b00000)
 Metaspace       used 11784K, capacity 11940K, committed 12160K, reserved 1060864K
  class space    used 1326K, capacity 1368K, committed 1408K, reserved 1048576K
}
Event: 7,436 GC heap before
{Heap before GC invocations=10 (full 1):
 PSYoungGen      total 251904K, used 231861K [0x00000000eab00000, 0x00000000ff300000, 0x0000000100000000)
  eden space 215552K, 100% used [0x00000000eab00000,0x00000000f7d80000,0x00000000f7d80000)
  from space 36352K, 44% used [0x00000000fb080000,0x00000000fc06d7f0,0x00000000fd400000)
  to   space 52224K, 0% used [0x00000000f7d80000,0x00000000f7d80000,0x00000000fb080000)
 ParOldGen       total 158720K, used 84851K [0x00000000c0000000, 0x00000000c9b00000, 0x00000000eab00000)
  object space 158720K, 53% used [0x00000000c0000000,0x00000000c52dcc70,0x00000000c9b00000)
 Metaspace       used 14335K, capacity 14468K, committed 14592K, reserved 1062912K
  class space    used 1492K, capacity 1528K, committed 1536K, reserved 1048576K
Event: 7,513 GC heap after
Heap after GC invocations=10 (full 1):
 PSYoungGen      total 267776K, used 52195K [0x00000000eab00000, 0x0000000100000000, 0x0000000100000000)
  eden space 215552K, 0% used [0x00000000eab00000,0x00000000eab00000,0x00000000f7d80000)
  from space 52224K, 99% used [0x00000000f7d80000,0x00000000fb078ec0,0x00000000fb080000)
  to   space 67072K, 0% used [0x00000000fbe80000,0x00000000fbe80000,0x0000000100000000)
 ParOldGen       total 158720K, used 97842K [0x00000000c0000000, 0x00000000c9b00000, 0x00000000eab00000)
  object space 158720K, 61% used [0x00000000c0000000,0x00000000c5f8c8a0,0x00000000c9b00000)
 Metaspace       used 14335K, capacity 14468K, committed 14592K, reserved 1062912K
  class space    used 1492K, capacity 1528K, committed 1536K, reserved 1048576K
}
Event: 9,125 GC heap before
{Heap before GC invocations=11 (full 1):
 PSYoungGen      total 267776K, used 267747K [0x00000000eab00000, 0x0000000100000000, 0x0000000100000000)
  eden space 215552K, 100% used [0x00000000eab00000,0x00000000f7d80000,0x00000000f7d80000)
  from space 52224K, 99% used [0x00000000f7d80000,0x00000000fb078ec0,0x00000000fb080000)
  to   space 67072K, 0% used [0x00000000fbe80000,0x00000000fbe80000,0x0000000100000000)
 ParOldGen       total 158720K, used 97842K [0x00000000c0000000, 0x00000000c9b00000, 0x00000000eab00000)
  object space 158720K, 61% used [0x00000000c0000000,0x00000000c5f8c8a0,0x00000000c9b00000)
 Metaspace       used 14810K, capacity 14916K, committed 15104K, reserved 1062912K
  class space    used 1500K, capacity 1528K, committed 1536K, reserved 1048576K
Event: 9,230 GC heap after
Heap after GC invocations=11 (full 1):
 PSYoungGen      total 270848K, used 49780K [0x00000000eab00000, 0x0000000100000000, 0x0000000100000000)
  eden space 203776K, 0% used [0x00000000eab00000,0x00000000eab00000,0x00000000f7200000)
  from space 67072K, 74% used [0x00000000fbe80000,0x00000000fef1d2b8,0x0000000100000000)
  to   space 72704K, 0% used [0x00000000f7200000,0x00000000f7200000,0x00000000fb900000)
 ParOldGen       total 158720K, used 104784K [0x00000000c0000000, 0x00000000c9b00000, 0x00000000eab00000)
  object space 158720K, 66% used [0x00000000c0000000,0x00000000c66542a0,0x00000000c9b00000)
 Metaspace       used 14810K, capacity 14916K, committed 15104K, reserved 1062912K
  class space    used 1500K, capacity 1528K, committed 1536K, reserved 1048576K
}
Event: 10,479 GC heap before
{Heap before GC invocations=12 (full 1):
 PSYoungGen      total 270848K, used 253556K [0x00000000eab00000, 0x0000000100000000, 0x0000000100000000)
  eden space 203776K, 100% used [0x00000000eab00000,0x00000000f7200000,0x00000000f7200000)
  from space 67072K, 74% used [0x00000000fbe80000,0x00000000fef1d2b8,0x0000000100000000)
  to   space 72704K, 0% used [0x00000000f7200000,0x00000000f7200000,0x00000000fb900000)
 ParOldGen       total 158720K, used 104784K [0x00000000c0000000, 0x00000000c9b00000, 0x00000000eab00000)
  object space 158720K, 66% used [0x00000000c0000000,0x00000000c66542a0,0x00000000c9b00000)
 Metaspace       used 14887K, capacity 14980K, committed 15104K, reserved 1062912K
  class space    used 1500K, capacity 1528K, committed 1536K, reserved 1048576K
Event: 10,584 GC heap after
Heap after GC invocations=12 (full 1):
 PSYoungGen      total 276480K, used 9491K [0x00000000eab00000, 0x0000000100000000, 0x0000000100000000)
  eden space 203776K, 0% used [0x00000000eab00000,0x00000000eab00000,0x00000000f7200000)
  from space 72704K, 13% used [0x00000000f7200000,0x00000000f7b44df8,0x00000000fb900000)
  to   space 70656K, 0% used [0x00000000fbb00000,0x00000000fbb00000,0x0000000100000000)
 ParOldGen       total 158720K, used 149327K [0x00000000c0000000, 0x00000000c9b00000, 0x00000000eab00000)
  object space 158720K, 94% used [0x00000000c0000000,0x00000000c91d3c20,0x00000000c9b00000)
 Metaspace       used 14887K, capacity 14980K, committed 15104K, reserved 1062912K
  class space    used 1500K, capacity 1528K, committed 1536K, reserved 1048576K
}
Event: 10,584 GC heap before
{Heap before GC invocations=13 (full 2):
 PSYoungGen      total 276480K, used 9491K [0x00000000eab00000, 0x0000000100000000, 0x0000000100000000)
  eden space 203776K, 0% used [0x00000000eab00000,0x00000000eab00000,0x00000000f7200000)
  from space 72704K, 13% used [0x00000000f7200000,0x00000000f7b44df8,0x00000000fb900000)
  to   space 70656K, 0% used [0x00000000fbb00000,0x00000000fbb00000,0x0000000100000000)
 ParOldGen       total 158720K, used 149327K [0x00000000c0000000, 0x00000000c9b00000, 0x00000000eab00000)
  object space 158720K, 94% used [0x00000000c0000000,0x00000000c91d3c20,0x00000000c9b00000)
 Metaspace       used 14887K, capacity 14980K, committed 15104K, reserved 1062912K
  class space    used 1500K, capacity 1528K, committed 1536K, reserved 1048576K

