# JRE version: OpenJDK Runtime Environment (8.0_242-b08) (build 1.8.0_242-8u242-b08-0ubuntu3~18.04-b08)
# Java VM: OpenJDK 64-Bit Server VM (25.242-b08 mixed mode linux-amd64 compressed oops)
Heap:
 PSYoungGen      total 52224K, used 11770K [0x00000000fab00000, 0x0000000100000000, 0x0000000100000000)
  eden space 29696K, 0% used [0x00000000fab00000,0x00000000fab00000,0x00000000fc800000)
  from space 22528K, 52% used [0x00000000fea00000,0x00000000ff57e8f0,0x0000000100000000)
  to   space 28672K, 0% used [0x00000000fc800000,0x00000000fc800000,0x00000000fe400000)
 ParOldGen       total 116224K, used 115727K [0x00000000f0000000, 0x00000000f7180000, 0x00000000fab00000)
  object space 116224K, 99% used [0x00000000f0000000,0x00000000f7103f48,0x00000000f7180000)
 Metaspace       used 12451K, capacity 12580K, committed 12672K, reserved 1060864K
  class space    used 1327K, capacity 1368K, committed 1408K, reserved 1048576K
GC Heap History (10 events):
Event: 27,023 GC heap after
Heap after GC invocations=22 (full 1):
 PSYoungGen      total 65024K, used 14611K [0x00000000fab00000, 0x0000000100000000, 0x0000000100000000)
  eden space 50176K, 0% used [0x00000000fab00000,0x00000000fab00000,0x00000000fdc00000)
  from space 14848K, 98% used [0x00000000fdc00000,0x00000000fea44ea0,0x00000000fea80000)
  to   space 20480K, 0% used [0x00000000fec00000,0x00000000fec00000,0x0000000100000000)
 ParOldGen       total 69120K, used 69061K [0x00000000f0000000, 0x00000000f4380000, 0x00000000fab00000)
  object space 69120K, 99% used [0x00000000f0000000,0x00000000f4371540,0x00000000f4380000)
 Metaspace       used 11899K, capacity 12036K, committed 12160K, reserved 1060864K
  class space    used 1307K, capacity 1336K, committed 1408K, reserved 1048576K
}
Event: 27,026 GC heap before
{Heap before GC invocations=23 (full 2):
 PSYoungGen      total 65024K, used 14611K [0x00000000fab00000, 0x0000000100000000, 0x0000000100000000)
  eden space 50176K, 0% used [0x00000000fab00000,0x00000000fab00000,0x00000000fdc00000)
  from space 14848K, 98% used [0x00000000fdc00000,0x00000000fea44ea0,0x00000000fea80000)
  to   space 20480K, 0% used [0x00000000fec00000,0x00000000fec00000,0x0000000100000000)
 ParOldGen       total 69120K, used 69061K [0x00000000f0000000, 0x00000000f4380000, 0x00000000fab00000)
  object space 69120K, 99% used [0x00000000f0000000,0x00000000f4371540,0x00000000f4380000)
 Metaspace       used 11899K, capacity 12036K, committed 12160K, reserved 1060864K
  class space    used 1307K, capacity 1336K, committed 1408K, reserved 1048576K
Event: 27,900 GC heap after
Heap after GC invocations=23 (full 2):
 PSYoungGen      total 65024K, used 13795K [0x00000000fab00000, 0x0000000100000000, 0x0000000100000000)
  eden space 50176K, 0% used [0x00000000fab00000,0x00000000fab00000,0x00000000fdc00000)
  from space 14848K, 92% used [0x00000000fdc00000,0x00000000fe978c60,0x00000000fea80000)
  to   space 20480K, 0% used [0x00000000fec00000,0x00000000fec00000,0x0000000100000000)
 ParOldGen       total 114688K, used 68932K [0x00000000f0000000, 0x00000000f7000000, 0x00000000fab00000)
  object space 114688K, 60% used [0x00000000f0000000,0x00000000f43513f8,0x00000000f7000000)
 Metaspace       used 11899K, capacity 12036K, committed 12160K, reserved 1060864K
  class space    used 1307K, capacity 1336K, committed 1408K, reserved 1048576K
}
Event: 28,887 GC heap before
{Heap before GC invocations=24 (full 2):
 PSYoungGen      total 65024K, used 63971K [0x00000000fab00000, 0x0000000100000000, 0x0000000100000000)
  eden space 50176K, 100% used [0x00000000fab00000,0x00000000fdc00000,0x00000000fdc00000)
  from space 14848K, 92% used [0x00000000fdc00000,0x00000000fe978c60,0x00000000fea80000)
  to   space 20480K, 0% used [0x00000000fec00000,0x00000000fec00000,0x0000000100000000)
 ParOldGen       total 114688K, used 68932K [0x00000000f0000000, 0x00000000f7000000, 0x00000000fab00000)
  object space 114688K, 60% used [0x00000000f0000000,0x00000000f43513f8,0x00000000f7000000)
 Metaspace       used 11905K, capacity 12036K, committed 12160K, reserved 1060864K
  class space    used 1308K, capacity 1336K, committed 1408K, reserved 1048576K
Event: 28,987 GC heap after
Heap after GC invocations=24 (full 2):
 PSYoungGen      total 62464K, used 17135K [0x00000000fab00000, 0x0000000100000000, 0x0000000100000000)
  eden space 41984K, 0% used [0x00000000fab00000,0x00000000fab00000,0x00000000fd400000)
  from space 20480K, 83% used [0x00000000fec00000,0x00000000ffcbbfd0,0x0000000100000000)
  to   space 22528K, 0% used [0x00000000fd400000,0x00000000fd400000,0x00000000fea00000)
 ParOldGen       total 114688K, used 82787K [0x00000000f0000000, 0x00000000f7000000, 0x00000000fab00000)
  object space 114688K, 72% used [0x00000000f0000000,0x00000000f50d8c50,0x00000000f7000000)
 Metaspace       used 11905K, capacity 12036K, committed 12160K, reserved 1060864K
  class space    used 1308K, capacity 1336K, committed 1408K, reserved 1048576K
}
Event: 30,897 GC heap before
{Heap before GC invocations=25 (full 2):
 PSYoungGen      total 62464K, used 59119K [0x00000000fab00000, 0x0000000100000000, 0x0000000100000000)
  eden space 41984K, 100% used [0x00000000fab00000,0x00000000fd400000,0x00000000fd400000)
  from space 20480K, 83% used [0x00000000fec00000,0x00000000ffcbbfd0,0x0000000100000000)
  to   space 22528K, 0% used [0x00000000fd400000,0x00000000fd400000,0x00000000fea00000)
 ParOldGen       total 114688K, used 82787K [0x00000000f0000000, 0x00000000f7000000, 0x00000000fab00000)
  object space 114688K, 72% used [0x00000000f0000000,0x00000000f50d8c50,0x00000000f7000000)
 Metaspace       used 11978K, capacity 12132K, committed 12416K, reserved 1060864K
  class space    used 1313K, capacity 1368K, committed 1408K, reserved 1048576K
Event: 30,967 GC heap after
Heap after GC invocations=25 (full 2):
 PSYoungGen      total 64512K, used 22514K [0x00000000fab00000, 0x0000000100000000, 0x0000000100000000)
  eden space 41984K, 0% used [0x00000000fab00000,0x00000000fab00000,0x00000000fd400000)
  from space 22528K, 99% used [0x00000000fd400000,0x00000000fe9fc880,0x00000000fea00000)
  to   space 22528K, 0% used [0x00000000fea00000,0x00000000fea00000,0x0000000100000000)
 ParOldGen       total 114688K, used 93376K [0x00000000f0000000, 0x00000000f7000000, 0x00000000fab00000)
  object space 114688K, 81% used [0x00000000f0000000,0x00000000f5b303e0,0x00000000f7000000)
 Metaspace       used 11978K, capacity 12132K, committed 12416K, reserved 1060864K
  class space    used 1313K, capacity 1368K, committed 1408K, reserved 1048576K
}
Event: 35,231 GC heap before
{Heap before GC invocations=26 (full 2):
 PSYoungGen      total 64512K, used 64498K [0x00000000fab00000, 0x0000000100000000, 0x0000000100000000)
  eden space 41984K, 100% used [0x00000000fab00000,0x00000000fd400000,0x00000000fd400000)
  from space 22528K, 99% used [0x00000000fd400000,0x00000000fe9fc880,0x00000000fea00000)
  to   space 22528K, 0% used [0x00000000fea00000,0x00000000fea00000,0x0000000100000000)
 ParOldGen       total 114688K, used 93376K [0x00000000f0000000, 0x00000000f7000000, 0x00000000fab00000)
  object space 114688K, 81% used [0x00000000f0000000,0x00000000f5b303e0,0x00000000f7000000)
 Metaspace       used 12451K, capacity 12580K, committed 12672K, reserved 1060864K
  class space    used 1327K, capacity 1368K, committed 1408K, reserved 1048576K
Event: 35,334 GC heap after
Heap after GC invocations=26 (full 2):
 PSYoungGen      total 52224K, used 12932K [0x00000000fab00000, 0x0000000100000000, 0x0000000100000000)
  eden space 29696K, 0% used [0x00000000fab00000,0x00000000fab00000,0x00000000fc800000)
  from space 22528K, 57% used [0x00000000fea00000,0x00000000ff6a1258,0x0000000100000000)
  to   space 28672K, 0% used [0x00000000fc800000,0x00000000fc800000,0x00000000fe400000)
 ParOldGen       total 116224K, used 115751K [0x00000000f0000000, 0x00000000f7180000, 0x00000000fab00000)
  object space 116224K, 99% used [0x00000000f0000000,0x00000000f7109d00,0x00000000f7180000)
 Metaspace       used 12451K, capacity 12580K, committed 12672K, reserved 1060864K
  class space    used 1327K, capacity 1368K, committed 1408K, reserved 1048576K
}
Event: 35,346 GC heap before
{Heap before GC invocations=27 (full 3):
 PSYoungGen      total 52224K, used 12932K [0x00000000fab00000, 0x0000000100000000, 0x0000000100000000)
  eden space 29696K, 0% used [0x00000000fab00000,0x00000000fab00000,0x00000000fc800000)
  from space 22528K, 57% used [0x00000000fea00000,0x00000000ff6a1258,0x0000000100000000)
  to   space 28672K, 0% used [0x00000000fc800000,0x00000000fc800000,0x00000000fe400000)
 ParOldGen       total 116224K, used 115751K [0x00000000f0000000, 0x00000000f7180000, 0x00000000fab00000)
  object space 116224K, 99% used [0x00000000f0000000,0x00000000f7109d00,0x00000000f7180000)
 Metaspace       used 12451K, capacity 12580K, committed 12672K, reserved 1060864K
  class space    used 1327K, capacity 1368K, committed 1408K, reserved 1048576K

